[2016-07-08T14:14:06,050 ERROR] edgeville.task.PacketProcessingTask - Error processing message ObjectAction2 for player Gewa.
[2016-07-08T14:14:06,051 ERROR] edgeville.task.PacketProcessingTask - Caused by: 
java.lang.NullPointerException
	at edgeville.model.World.lambda$10(World.java:380) ~[bin/:?]
	at java.util.Optional.orElseGet(Optional.java:267) ~[?:1.8.0_66]
	at edgeville.model.World.objById(World.java:380) ~[bin/:?]
	at edgeville.net.message.game.decoders.ObjectAction2.process(ObjectAction2.java:38) ~[bin/:?]
	at edgeville.task.PacketProcessingTask.lambda$1(PacketProcessingTask.java:24) ~[bin/:?]
	at java.lang.Iterable.forEach(Iterable.java:75) ~[?:1.8.0_66]
	at edgeville.task.PacketProcessingTask.lambda$0(PacketProcessingTask.java:22) ~[bin/:?]
	at java.util.stream.ForEachOps$ForEachOp$OfRef.accept(ForEachOps.java:184) [?:1.8.0_66]
	at java.util.stream.ReferencePipeline$2$1.accept(ReferencePipeline.java:175) [?:1.8.0_66]
	at java.util.LinkedList$LLSpliterator.forEachRemaining(LinkedList.java:1235) [?:1.8.0_66]
	at java.util.stream.AbstractPipeline.copyInto(AbstractPipeline.java:481) [?:1.8.0_66]
	at java.util.stream.AbstractPipeline.wrapAndCopyInto(AbstractPipeline.java:471) [?:1.8.0_66]
	at java.util.stream.ForEachOps$ForEachOp.evaluateSequential(ForEachOps.java:151) [?:1.8.0_66]
	at java.util.stream.ForEachOps$ForEachOp$OfRef.evaluateSequential(ForEachOps.java:174) [?:1.8.0_66]
	at java.util.stream.AbstractPipeline.evaluate(AbstractPipeline.java:234) [?:1.8.0_66]
	at java.util.stream.ReferencePipeline.forEach(ReferencePipeline.java:418) [?:1.8.0_66]
	at edgeville.util.EntityList.forEachShuffled(EntityList.java:88) [bin/:?]
	at edgeville.task.PacketProcessingTask.execute(PacketProcessingTask.java:21) [bin/:?]
	at edgeville.ServerProcessor.process(ServerProcessor.java:127) [bin/:?]
	at edgeville.ServerProcessor.run(ServerProcessor.java:100) [bin/:?]
[2016-07-08T14:14:06,060 ERROR] edgeville.task.PacketProcessingTask - Error processing message ObjectAction2 for player Gewa.
[2016-07-08T14:14:06,060 ERROR] edgeville.task.PacketProcessingTask - Caused by: 
java.lang.NullPointerException
	at edgeville.model.World.lambda$10(World.java:380) ~[bin/:?]
	at java.util.Optional.orElseGet(Optional.java:267) ~[?:1.8.0_66]
	at edgeville.model.World.objById(World.java:380) ~[bin/:?]
	at edgeville.net.message.game.decoders.ObjectAction2.process(ObjectAction2.java:38) ~[bin/:?]
	at edgeville.task.PacketProcessingTask.lambda$1(PacketProcessingTask.java:24) ~[bin/:?]
	at java.lang.Iterable.forEach(Iterable.java:75) ~[?:1.8.0_66]
	at edgeville.task.PacketProcessingTask.lambda$0(PacketProcessingTask.java:22) ~[bin/:?]
	at java.util.stream.ForEachOps$ForEachOp$OfRef.accept(ForEachOps.java:184) [?:1.8.0_66]
	at java.util.stream.ReferencePipeline$2$1.accept(ReferencePipeline.java:175) [?:1.8.0_66]
	at java.util.LinkedList$LLSpliterator.forEachRemaining(LinkedList.java:1235) [?:1.8.0_66]
	at java.util.stream.AbstractPipeline.copyInto(AbstractPipeline.java:481) [?:1.8.0_66]
	at java.util.stream.AbstractPipeline.wrapAndCopyInto(AbstractPipeline.java:471) [?:1.8.0_66]
	at java.util.stream.ForEachOps$ForEachOp.evaluateSequential(ForEachOps.java:151) [?:1.8.0_66]
	at java.util.stream.ForEachOps$ForEachOp$OfRef.evaluateSequential(ForEachOps.java:174) [?:1.8.0_66]
	at java.util.stream.AbstractPipeline.evaluate(AbstractPipeline.java:234) [?:1.8.0_66]
	at java.util.stream.ReferencePipeline.forEach(ReferencePipeline.java:418) [?:1.8.0_66]
	at edgeville.util.EntityList.forEachShuffled(EntityList.java:88) [bin/:?]
	at edgeville.task.PacketProcessingTask.execute(PacketProcessingTask.java:21) [bin/:?]
	at edgeville.ServerProcessor.process(ServerProcessor.java:127) [bin/:?]
	at edgeville.ServerProcessor.run(ServerProcessor.java:100) [bin/:?]
[2016-07-08T14:14:06,644 ERROR] edgeville.task.PacketProcessingTask - Error processing message ObjectAction2 for player Gewa.
[2016-07-08T14:14:06,644 ERROR] edgeville.task.PacketProcessingTask - Caused by: 
java.lang.NullPointerException
	at edgeville.model.World.lambda$10(World.java:380) ~[bin/:?]
	at java.util.Optional.orElseGet(Optional.java:267) ~[?:1.8.0_66]
	at edgeville.model.World.objById(World.java:380) ~[bin/:?]
	at edgeville.net.message.game.decoders.ObjectAction2.process(ObjectAction2.java:38) ~[bin/:?]
	at edgeville.task.PacketProcessingTask.lambda$1(PacketProcessingTask.java:24) ~[bin/:?]
	at java.lang.Iterable.forEach(Iterable.java:75) ~[?:1.8.0_66]
	at edgeville.task.PacketProcessingTask.lambda$0(PacketProcessingTask.java:22) ~[bin/:?]
	at java.util.stream.ForEachOps$ForEachOp$OfRef.accept(ForEachOps.java:184) [?:1.8.0_66]
	at java.util.stream.ReferencePipeline$2$1.accept(ReferencePipeline.java:175) [?:1.8.0_66]
	at java.util.LinkedList$LLSpliterator.forEachRemaining(LinkedList.java:1235) [?:1.8.0_66]
	at java.util.stream.AbstractPipeline.copyInto(AbstractPipeline.java:481) [?:1.8.0_66]
	at java.util.stream.AbstractPipeline.wrapAndCopyInto(AbstractPipeline.java:471) [?:1.8.0_66]
	at java.util.stream.ForEachOps$ForEachOp.evaluateSequential(ForEachOps.java:151) [?:1.8.0_66]
	at java.util.stream.ForEachOps$ForEachOp$OfRef.evaluateSequential(ForEachOps.java:174) [?:1.8.0_66]
	at java.util.stream.AbstractPipeline.evaluate(AbstractPipeline.java:234) [?:1.8.0_66]
	at java.util.stream.ReferencePipeline.forEach(ReferencePipeline.java:418) [?:1.8.0_66]
	at edgeville.util.EntityList.forEachShuffled(EntityList.java:88) [bin/:?]
	at edgeville.task.PacketProcessingTask.execute(PacketProcessingTask.java:21) [bin/:?]
	at edgeville.ServerProcessor.process(ServerProcessor.java:127) [bin/:?]
	at edgeville.ServerProcessor.run(ServerProcessor.java:100) [bin/:?]
[2016-07-08T14:14:07,243 ERROR] edgeville.task.PacketProcessingTask - Error processing message ObjectAction2 for player Gewa.
[2016-07-08T14:14:07,244 ERROR] edgeville.task.PacketProcessingTask - Caused by: 
java.lang.NullPointerException
	at edgeville.model.World.lambda$10(World.java:380) ~[bin/:?]
	at java.util.Optional.orElseGet(Optional.java:267) ~[?:1.8.0_66]
	at edgeville.model.World.objById(World.java:380) ~[bin/:?]
	at edgeville.net.message.game.decoders.ObjectAction2.process(ObjectAction2.java:38) ~[bin/:?]
	at edgeville.task.PacketProcessingTask.lambda$1(PacketProcessingTask.java:24) ~[bin/:?]
	at java.lang.Iterable.forEach(Iterable.java:75) ~[?:1.8.0_66]
	at edgeville.task.PacketProcessingTask.lambda$0(PacketProcessingTask.java:22) ~[bin/:?]
	at java.util.stream.ForEachOps$ForEachOp$OfRef.accept(ForEachOps.java:184) [?:1.8.0_66]
	at java.util.stream.ReferencePipeline$2$1.accept(ReferencePipeline.java:175) [?:1.8.0_66]
	at java.util.LinkedList$LLSpliterator.forEachRemaining(LinkedList.java:1235) [?:1.8.0_66]
	at java.util.stream.AbstractPipeline.copyInto(AbstractPipeline.java:481) [?:1.8.0_66]
	at java.util.stream.AbstractPipeline.wrapAndCopyInto(AbstractPipeline.java:471) [?:1.8.0_66]
	at java.util.stream.ForEachOps$ForEachOp.evaluateSequential(ForEachOps.java:151) [?:1.8.0_66]
	at java.util.stream.ForEachOps$ForEachOp$OfRef.evaluateSequential(ForEachOps.java:174) [?:1.8.0_66]
	at java.util.stream.AbstractPipeline.evaluate(AbstractPipeline.java:234) [?:1.8.0_66]
	at java.util.stream.ReferencePipeline.forEach(ReferencePipeline.java:418) [?:1.8.0_66]
	at edgeville.util.EntityList.forEachShuffled(EntityList.java:88) [bin/:?]
	at edgeville.task.PacketProcessingTask.execute(PacketProcessingTask.java:21) [bin/:?]
	at edgeville.ServerProcessor.process(ServerProcessor.java:127) [bin/:?]
	at edgeville.ServerProcessor.run(ServerProcessor.java:100) [bin/:?]
[2016-07-08T14:14:07,843 ERROR] edgeville.task.PacketProcessingTask - Error processing message ObjectAction2 for player Gewa.
[2016-07-08T14:14:07,844 ERROR] edgeville.task.PacketProcessingTask - Caused by: 
java.lang.NullPointerException
	at edgeville.model.World.lambda$10(World.java:380) ~[bin/:?]
	at java.util.Optional.orElseGet(Optional.java:267) ~[?:1.8.0_66]
	at edgeville.model.World.objById(World.java:380) ~[bin/:?]
	at edgeville.net.message.game.decoders.ObjectAction2.process(ObjectAction2.java:38) ~[bin/:?]
	at edgeville.task.PacketProcessingTask.lambda$1(PacketProcessingTask.java:24) ~[bin/:?]
	at java.lang.Iterable.forEach(Iterable.java:75) ~[?:1.8.0_66]
	at edgeville.task.PacketProcessingTask.lambda$0(PacketProcessingTask.java:22) ~[bin/:?]
	at java.util.stream.ForEachOps$ForEachOp$OfRef.accept(ForEachOps.java:184) [?:1.8.0_66]
	at java.util.stream.ReferencePipeline$2$1.accept(ReferencePipeline.java:175) [?:1.8.0_66]
	at java.util.LinkedList$LLSpliterator.forEachRemaining(LinkedList.java:1235) [?:1.8.0_66]
	at java.util.stream.AbstractPipeline.copyInto(AbstractPipeline.java:481) [?:1.8.0_66]
	at java.util.stream.AbstractPipeline.wrapAndCopyInto(AbstractPipeline.java:471) [?:1.8.0_66]
	at java.util.stream.ForEachOps$ForEachOp.evaluateSequential(ForEachOps.java:151) [?:1.8.0_66]
	at java.util.stream.ForEachOps$ForEachOp$OfRef.evaluateSequential(ForEachOps.java:174) [?:1.8.0_66]
	at java.util.stream.AbstractPipeline.evaluate(AbstractPipeline.java:234) [?:1.8.0_66]
	at java.util.stream.ReferencePipeline.forEach(ReferencePipeline.java:418) [?:1.8.0_66]
	at edgeville.util.EntityList.forEachShuffled(EntityList.java:88) [bin/:?]
	at edgeville.task.PacketProcessingTask.execute(PacketProcessingTask.java:21) [bin/:?]
	at edgeville.ServerProcessor.process(ServerProcessor.java:127) [bin/:?]
	at edgeville.ServerProcessor.run(ServerProcessor.java:100) [bin/:?]
[2016-07-08T14:14:08,444 ERROR] edgeville.task.PacketProcessingTask - Error processing message ObjectAction2 for player Gewa.
[2016-07-08T14:14:08,444 ERROR] edgeville.task.PacketProcessingTask - Caused by: 
java.lang.NullPointerException
	at edgeville.model.World.lambda$10(World.java:380) ~[bin/:?]
	at java.util.Optional.orElseGet(Optional.java:267) ~[?:1.8.0_66]
	at edgeville.model.World.objById(World.java:380) ~[bin/:?]
	at edgeville.net.message.game.decoders.ObjectAction2.process(ObjectAction2.java:38) ~[bin/:?]
	at edgeville.task.PacketProcessingTask.lambda$1(PacketProcessingTask.java:24) ~[bin/:?]
	at java.lang.Iterable.forEach(Iterable.java:75) ~[?:1.8.0_66]
	at edgeville.task.PacketProcessingTask.lambda$0(PacketProcessingTask.java:22) ~[bin/:?]
	at java.util.stream.ForEachOps$ForEachOp$OfRef.accept(ForEachOps.java:184) [?:1.8.0_66]
	at java.util.stream.ReferencePipeline$2$1.accept(ReferencePipeline.java:175) [?:1.8.0_66]
	at java.util.LinkedList$LLSpliterator.forEachRemaining(LinkedList.java:1235) [?:1.8.0_66]
	at java.util.stream.AbstractPipeline.copyInto(AbstractPipeline.java:481) [?:1.8.0_66]
	at java.util.stream.AbstractPipeline.wrapAndCopyInto(AbstractPipeline.java:471) [?:1.8.0_66]
	at java.util.stream.ForEachOps$ForEachOp.evaluateSequential(ForEachOps.java:151) [?:1.8.0_66]
	at java.util.stream.ForEachOps$ForEachOp$OfRef.evaluateSequential(ForEachOps.java:174) [?:1.8.0_66]
	at java.util.stream.AbstractPipeline.evaluate(AbstractPipeline.java:234) [?:1.8.0_66]
	at java.util.stream.ReferencePipeline.forEach(ReferencePipeline.java:418) [?:1.8.0_66]
	at edgeville.util.EntityList.forEachShuffled(EntityList.java:88) [bin/:?]
	at edgeville.task.PacketProcessingTask.execute(PacketProcessingTask.java:21) [bin/:?]
	at edgeville.ServerProcessor.process(ServerProcessor.java:127) [bin/:?]
	at edgeville.ServerProcessor.run(ServerProcessor.java:100) [bin/:?]
[2016-07-08T14:14:09,644 ERROR] edgeville.task.PacketProcessingTask - Error processing message ObjectAction2 for player Gewa.
[2016-07-08T14:14:09,644 ERROR] edgeville.task.PacketProcessingTask - Caused by: 
java.lang.NullPointerException
	at edgeville.model.World.lambda$10(World.java:380) ~[bin/:?]
	at java.util.Optional.orElseGet(Optional.java:267) ~[?:1.8.0_66]
	at edgeville.model.World.objById(World.java:380) ~[bin/:?]
	at edgeville.net.message.game.decoders.ObjectAction2.process(ObjectAction2.java:38) ~[bin/:?]
	at edgeville.task.PacketProcessingTask.lambda$1(PacketProcessingTask.java:24) ~[bin/:?]
	at java.lang.Iterable.forEach(Iterable.java:75) ~[?:1.8.0_66]
	at edgeville.task.PacketProcessingTask.lambda$0(PacketProcessingTask.java:22) ~[bin/:?]
	at java.util.stream.ForEachOps$ForEachOp$OfRef.accept(ForEachOps.java:184) [?:1.8.0_66]
	at java.util.stream.ReferencePipeline$2$1.accept(ReferencePipeline.java:175) [?:1.8.0_66]
	at java.util.LinkedList$LLSpliterator.forEachRemaining(LinkedList.java:1235) [?:1.8.0_66]
	at java.util.stream.AbstractPipeline.copyInto(AbstractPipeline.java:481) [?:1.8.0_66]
	at java.util.stream.AbstractPipeline.wrapAndCopyInto(AbstractPipeline.java:471) [?:1.8.0_66]
	at java.util.stream.ForEachOps$ForEachOp.evaluateSequential(ForEachOps.java:151) [?:1.8.0_66]
	at java.util.stream.ForEachOps$ForEachOp$OfRef.evaluateSequential(ForEachOps.java:174) [?:1.8.0_66]
	at java.util.stream.AbstractPipeline.evaluate(AbstractPipeline.java:234) [?:1.8.0_66]
	at java.util.stream.ReferencePipeline.forEach(ReferencePipeline.java:418) [?:1.8.0_66]
	at edgeville.util.EntityList.forEachShuffled(EntityList.java:88) [bin/:?]
	at edgeville.task.PacketProcessingTask.execute(PacketProcessingTask.java:21) [bin/:?]
	at edgeville.ServerProcessor.process(ServerProcessor.java:127) [bin/:?]
	at edgeville.ServerProcessor.run(ServerProcessor.java:100) [bin/:?]
[2016-07-08T14:14:09,646 ERROR] edgeville.task.PacketProcessingTask - Error processing message ObjectAction2 for player Gewa.
[2016-07-08T14:14:09,646 ERROR] edgeville.task.PacketProcessingTask - Caused by: 
java.lang.NullPointerException
	at edgeville.model.World.lambda$10(World.java:380) ~[bin/:?]
	at java.util.Optional.orElseGet(Optional.java:267) ~[?:1.8.0_66]
	at edgeville.model.World.objById(World.java:380) ~[bin/:?]
	at edgeville.net.message.game.decoders.ObjectAction2.process(ObjectAction2.java:38) ~[bin/:?]
	at edgeville.task.PacketProcessingTask.lambda$1(PacketProcessingTask.java:24) ~[bin/:?]
	at java.lang.Iterable.forEach(Iterable.java:75) ~[?:1.8.0_66]
	at edgeville.task.PacketProcessingTask.lambda$0(PacketProcessingTask.java:22) ~[bin/:?]
	at java.util.stream.ForEachOps$ForEachOp$OfRef.accept(ForEachOps.java:184) [?:1.8.0_66]
	at java.util.stream.ReferencePipeline$2$1.accept(ReferencePipeline.java:175) [?:1.8.0_66]
	at java.util.LinkedList$LLSpliterator.forEachRemaining(LinkedList.java:1235) [?:1.8.0_66]
	at java.util.stream.AbstractPipeline.copyInto(AbstractPipeline.java:481) [?:1.8.0_66]
	at java.util.stream.AbstractPipeline.wrapAndCopyInto(AbstractPipeline.java:471) [?:1.8.0_66]
	at java.util.stream.ForEachOps$ForEachOp.evaluateSequential(ForEachOps.java:151) [?:1.8.0_66]
	at java.util.stream.ForEachOps$ForEachOp$OfRef.evaluateSequential(ForEachOps.java:174) [?:1.8.0_66]
	at java.util.stream.AbstractPipeline.evaluate(AbstractPipeline.java:234) [?:1.8.0_66]
	at java.util.stream.ReferencePipeline.forEach(ReferencePipeline.java:418) [?:1.8.0_66]
	at edgeville.util.EntityList.forEachShuffled(EntityList.java:88) [bin/:?]
	at edgeville.task.PacketProcessingTask.execute(PacketProcessingTask.java:21) [bin/:?]
	at edgeville.ServerProcessor.process(ServerProcessor.java:127) [bin/:?]
	at edgeville.ServerProcessor.run(ServerProcessor.java:100) [bin/:?]
[2016-07-08T14:14:10,243 ERROR] edgeville.task.PacketProcessingTask - Error processing message ObjectAction2 for player Gewa.
[2016-07-08T14:14:10,244 ERROR] edgeville.task.PacketProcessingTask - Caused by: 
java.lang.NullPointerException
	at edgeville.model.World.lambda$10(World.java:380) ~[bin/:?]
	at java.util.Optional.orElseGet(Optional.java:267) ~[?:1.8.0_66]
	at edgeville.model.World.objById(World.java:380) ~[bin/:?]
	at edgeville.net.message.game.decoders.ObjectAction2.process(ObjectAction2.java:38) ~[bin/:?]
	at edgeville.task.PacketProcessingTask.lambda$1(PacketProcessingTask.java:24) ~[bin/:?]
	at java.lang.Iterable.forEach(Iterable.java:75) ~[?:1.8.0_66]
	at edgeville.task.PacketProcessingTask.lambda$0(PacketProcessingTask.java:22) ~[bin/:?]
	at java.util.stream.ForEachOps$ForEachOp$OfRef.accept(ForEachOps.java:184) [?:1.8.0_66]
	at java.util.stream.ReferencePipeline$2$1.accept(ReferencePipeline.java:175) [?:1.8.0_66]
	at java.util.LinkedList$LLSpliterator.forEachRemaining(LinkedList.java:1235) [?:1.8.0_66]
	at java.util.stream.AbstractPipeline.copyInto(AbstractPipeline.java:481) [?:1.8.0_66]
	at java.util.stream.AbstractPipeline.wrapAndCopyInto(AbstractPipeline.java:471) [?:1.8.0_66]
	at java.util.stream.ForEachOps$ForEachOp.evaluateSequential(ForEachOps.java:151) [?:1.8.0_66]
	at java.util.stream.ForEachOps$ForEachOp$OfRef.evaluateSequential(ForEachOps.java:174) [?:1.8.0_66]
	at java.util.stream.AbstractPipeline.evaluate(AbstractPipeline.java:234) [?:1.8.0_66]
	at java.util.stream.ReferencePipeline.forEach(ReferencePipeline.java:418) [?:1.8.0_66]
	at edgeville.util.EntityList.forEachShuffled(EntityList.java:88) [bin/:?]
	at edgeville.task.PacketProcessingTask.execute(PacketProcessingTask.java:21) [bin/:?]
	at edgeville.ServerProcessor.process(ServerProcessor.java:127) [bin/:?]
	at edgeville.ServerProcessor.run(ServerProcessor.java:100) [bin/:?]
[2016-07-08T14:14:48,058 ERROR] edgeville.task.PacketProcessingTask - Error processing message ObjectAction2 for player Gewa23.
[2016-07-08T14:14:48,058 ERROR] edgeville.task.PacketProcessingTask - Caused by: 
java.lang.NullPointerException
	at edgeville.model.World.lambda$10(World.java:380) ~[bin/:?]
	at java.util.Optional.orElseGet(Optional.java:267) ~[?:1.8.0_66]
	at edgeville.model.World.objById(World.java:380) ~[bin/:?]
	at edgeville.net.message.game.decoders.ObjectAction2.process(ObjectAction2.java:38) ~[bin/:?]
	at edgeville.task.PacketProcessingTask.lambda$1(PacketProcessingTask.java:24) ~[bin/:?]
	at java.lang.Iterable.forEach(Iterable.java:75) ~[?:1.8.0_66]
	at edgeville.task.PacketProcessingTask.lambda$0(PacketProcessingTask.java:22) ~[bin/:?]
	at java.util.stream.ForEachOps$ForEachOp$OfRef.accept(ForEachOps.java:184) [?:1.8.0_66]
	at java.util.stream.ReferencePipeline$2$1.accept(ReferencePipeline.java:175) [?:1.8.0_66]
	at java.util.LinkedList$LLSpliterator.forEachRemaining(LinkedList.java:1235) [?:1.8.0_66]
	at java.util.stream.AbstractPipeline.copyInto(AbstractPipeline.java:481) [?:1.8.0_66]
	at java.util.stream.AbstractPipeline.wrapAndCopyInto(AbstractPipeline.java:471) [?:1.8.0_66]
	at java.util.stream.ForEachOps$ForEachOp.evaluateSequential(ForEachOps.java:151) [?:1.8.0_66]
	at java.util.stream.ForEachOps$ForEachOp$OfRef.evaluateSequential(ForEachOps.java:174) [?:1.8.0_66]
	at java.util.stream.AbstractPipeline.evaluate(AbstractPipeline.java:234) [?:1.8.0_66]
	at java.util.stream.ReferencePipeline.forEach(ReferencePipeline.java:418) [?:1.8.0_66]
	at edgeville.util.EntityList.forEachShuffled(EntityList.java:88) [bin/:?]
	at edgeville.task.PacketProcessingTask.execute(PacketProcessingTask.java:21) [bin/:?]
	at edgeville.ServerProcessor.process(ServerProcessor.java:127) [bin/:?]
	at edgeville.ServerProcessor.run(ServerProcessor.java:100) [bin/:?]
